{"level":"error","message":"PrismaClient is not defined - GET /users","timestamp":"2025-01-15T09:42:50.690Z"}
{"level":"error","message":"PrismaClient is not defined - GET /users","timestamp":"2025-01-22T08:44:09.206Z"}
{"level":"error","message":"PrismaClient is not defined - GET /hosts","timestamp":"2025-01-22T08:46:12.410Z"}
{"level":"error","message":"Cannot destructure property 'userId' of 'req.body' as it is undefined. - GET /reviews","timestamp":"2025-01-22T08:47:12.910Z"}
{"level":"error","message":"Cannot destructure property 'name' of 'req.body' as it is undefined. - POST /amenities","timestamp":"2025-01-22T09:07:30.706Z"}
{"level":"error","message":"Cannot destructure property 'name' of 'req.body' as it is undefined. - POST /amenities","timestamp":"2025-01-22T09:10:53.514Z"}
{"level":"error","message":"Cannot destructure property 'name' of 'req.body' as it is undefined. - POST /amenities?Content-Type=application/json","timestamp":"2025-01-22T09:12:07.985Z"}
{"level":"error","message":"Cannot destructure property 'name' of 'req.body' as it is undefined. - PUT /amenities/l4567890-12gh-ijkl-1234-56789abcdef0","timestamp":"2025-01-22T09:13:27.016Z"}
{"level":"error","message":"Cannot destructure property 'name' of 'req.body' as it is undefined. - PUT /amenities/l4567890-12gh-ijkl-1234-56789abcdef0","timestamp":"2025-01-22T09:13:30.211Z"}
{"level":"error","message":"Cannot destructure property 'name' of 'req.body' as it is undefined. - PUT /amenities/l4567890-12gh-ijkl-1234-56789abcdef0","timestamp":"2025-01-22T09:13:53.795Z"}
{"level":"error","message":"\nInvalid `prisma.booking.update()` invocation:\n\n{\n  where: {\n    id: \"f0123456-78ab-cdef-0123-456789abcdef\"\n  },\n+ data: BookingUpdateInput | BookingUncheckedUpdateInput\n}\n\nArgument `data` is missing. - PUT /bookings/f0123456-78ab-cdef-0123-456789abcdef","timestamp":"2025-01-22T09:16:03.321Z"}
{"level":"error","message":"\nInvalid `prisma.booking.create()` invocation:\n\n\nForeign key constraint violated: `foreign key` - POST /bookings","timestamp":"2025-01-22T09:22:04.333Z"}
{"level":"error","message":"User with id 1 does not exist. - POST /bookings","timestamp":"2025-01-22T09:25:14.355Z"}
{"level":"error","message":"Property with id 1 does not exist. - POST /bookings","timestamp":"2025-01-22T09:25:40.048Z"}
{"level":"error","message":"\nInvalid `prisma.booking.delete()` invocation:\n\n\nAn operation failed because it depends on one or more records that were required but not found. Record to delete does not exist. - DELETE /bookings/f0123456-78ab-cdef-0123-456789abcdef","timestamp":"2025-01-22T09:26:57.056Z"}
{"level":"error","message":"Booking with id f0123456-78ab-cdef-0123-456789abcdef not found. - DELETE /bookings/f0123456-78ab-cdef-0123-456789abcdef","timestamp":"2025-01-22T09:29:07.818Z"}
{"level":"error","message":"Unexpected non-whitespace character after JSON at position 365 - POST /hosts/","timestamp":"2025-01-22T09:32:03.350Z"}
{"level":"error","message":"\nInvalid `prisma.host.delete()` invocation:\n\n\nForeign key constraint violated: `foreign key` - DELETE /hosts/b5678901-23ef-0123-4567-89abcdef0123","timestamp":"2025-01-22T09:38:23.362Z"}
{"level":"error","message":"\nInvalid `prisma.property.deleteMany()` invocation:\n\n\nForeign key constraint violated: `foreign key` - DELETE /hosts/b5678901-23ef-0123-4567-89abcdef0123","timestamp":"2025-01-22T09:41:33.647Z"}
{"level":"error","message":"\nInvalid `prisma.property.delete()` invocation:\n\n{\n  where: {\n    hostId: \"b5678901-23ef-0123-4567-89abcdef0123\",\n?   id?: String,\n?   AND?: PropertyWhereInput | PropertyWhereInput[],\n?   OR?: PropertyWhereInput[],\n?   NOT?: PropertyWhereInput | PropertyWhereInput[],\n?   title?: StringFilter | String,\n?   description?: StringFilter | String,\n?   location?: StringFilter | String,\n?   pricePerNight?: FloatFilter | Float,\n?   bedroomCount?: IntFilter | Int,\n?   bathRoomCount?: IntFilter | Int,\n?   maxGuestCount?: IntFilter | Int,\n?   rating?: IntFilter | Int,\n?   reviews?: ReviewListRelationFilter,\n?   bookings?: BookingListRelationFilter,\n?   amenities?: AmenityListRelationFilter,\n?   host?: HostScalarRelationFilter | HostWhereInput\n  }\n}\n\nArgument `where` of type PropertyWhereUniqueInput needs at least one of `id` arguments. Available options are marked with ?. - DELETE /hosts/b5678901-23ef-0123-4567-89abcdef0123","timestamp":"2025-01-22T09:42:05.699Z"}
{"level":"error","message":"\nInvalid `prisma.property.deleteMany()` invocation:\n\n\nForeign key constraint violated: `foreign key` - DELETE /hosts/b5678901-23ef-0123-4567-89abcdef0123","timestamp":"2025-01-22T09:42:52.446Z"}
{"level":"error","message":"\nInvalid `prisma.property.deleteMany()` invocation:\n\n\nForeign key constraint violated: `foreign key` - DELETE /hosts/b5678901-23ef-0123-4567-89abcdef0123","timestamp":"2025-01-22T10:10:00.135Z"}
{"level":"error","message":"Expected ',' or '}' after property value in JSON at position 439 - PUT /properties/g9012345-67ef-0123-4567-89abcdef0123","timestamp":"2025-01-22T10:14:59.022Z"}
{"level":"error","message":"Expected double-quoted property name in JSON at position 436 - PUT /properties/g9012345-67ef-0123-4567-89abcdef0123","timestamp":"2025-01-22T10:15:21.887Z"}
{"level":"error","message":"\nInvalid `prisma.property.delete()` invocation:\n\n\nForeign key constraint violated: `foreign key` - DELETE /properties/k3456789-01f2-3456-789a-bcdef0123456","timestamp":"2025-01-22T10:17:24.549Z"}
{"level":"error","message":"\nInvalid `prisma.user.findUniqueOrThrow()` invocation:\n\n{\n  where: \"a1234567-89ab-cdef-0123-456789abcdef\"\n         ~~~~~~~~~~~~~~~~~~~~~~~~~~~~~~~~~~~~~~\n}\n\nArgument `where`: Invalid value provided. Expected UserWhereUniqueInput, provided String. - GET /users/a1234567-89ab-cdef-0123-456789abcdef","timestamp":"2025-01-22T10:22:54.584Z"}
{"level":"error","message":"Unexpected non-whitespace character after JSON at position 346 - POST /users/","timestamp":"2025-01-22T10:28:42.891Z"}
{"level":"error","message":"\nInvalid `prisma.user.delete()` invocation:\n\n\nForeign key constraint violated: `foreign key` - DELETE /users/e5678901-23f0-1234-5678-9abcdef01234","timestamp":"2025-01-22T10:30:18.345Z"}
{"level":"error","message":"\nInvalid `prisma.amenity.update()` invocation:\n\n\nAn operation failed because it depends on one or more records that were required but not found. Record to update not found. - PUT /amenities/l4567890-12gh-ijkl-1234-56789abcdef0","timestamp":"2025-01-22T10:33:28.981Z"}
{"level":"error","message":"Host with id b5678901-23ef-0123-4567-89abcdef012 not found. - DELETE /hosts/b5678901-23ef-0123-4567-89abcdef012","timestamp":"2025-01-22T10:36:16.764Z"}
{"level":"error","message":"\nInvalid `prisma.property.deleteMany()` invocation:\n\n\nForeign key constraint violated: `foreign key` - DELETE /hosts/c4567890-12de-f012-3456-789abcdef012","timestamp":"2025-01-22T10:36:33.592Z"}
{"level":"error","message":"\nInvalid `prisma.property.deleteMany()` invocation:\n\n\nForeign key constraint violated: `foreign key` - DELETE /hosts/c4567890-12de-f012-3456-789abcdef012","timestamp":"2025-01-22T10:37:36.442Z"}
{"level":"error","message":"\nInvalid `prisma.property.delete()` invocation:\n\n{\n  where: {\n    hostId: \"c4567890-12de-f012-3456-789abcdef012\",\n?   id?: String,\n?   AND?: PropertyWhereInput | PropertyWhereInput[],\n?   OR?: PropertyWhereInput[],\n?   NOT?: PropertyWhereInput | PropertyWhereInput[],\n?   title?: StringFilter | String,\n?   description?: StringFilter | String,\n?   location?: StringFilter | String,\n?   pricePerNight?: FloatFilter | Float,\n?   bedroomCount?: IntFilter | Int,\n?   bathRoomCount?: IntFilter | Int,\n?   maxGuestCount?: IntFilter | Int,\n?   rating?: IntFilter | Int,\n?   reviews?: ReviewListRelationFilter,\n?   bookings?: BookingListRelationFilter,\n?   amenities?: AmenityListRelationFilter,\n?   host?: HostScalarRelationFilter | HostWhereInput\n  }\n}\n\nArgument `where` of type PropertyWhereUniqueInput needs at least one of `id` arguments. Available options are marked with ?. - DELETE /hosts/c4567890-12de-f012-3456-789abcdef012","timestamp":"2025-01-22T10:38:47.430Z"}
{"level":"error","message":"\nInvalid `prisma.property.deleteMany()` invocation:\n\n\nForeign key constraint violated: `foreign key` - DELETE /hosts/c4567890-12de-f012-3456-789abcdef012","timestamp":"2025-01-22T10:39:53.996Z"}
{"level":"error","message":"\nInvalid `prisma.amenity.deleteMany()` invocation:\n\n{\n  where: {\n    property: {\n    ~~~~~~~~\n      hostId: \"c4567890-12de-f012-3456-789abcdef012\"\n    },\n?   AND?: AmenityWhereInput | AmenityWhereInput[],\n?   OR?: AmenityWhereInput[],\n?   NOT?: AmenityWhereInput | AmenityWhereInput[],\n?   id?: StringFilter | String,\n?   name?: StringFilter | String,\n?   properties?: PropertyListRelationFilter\n  }\n}\n\nUnknown argument `property`. Did you mean `properties`? Available options are marked with ?. - DELETE /hosts/c4567890-12de-f012-3456-789abcdef012","timestamp":"2025-01-22T10:40:28.363Z"}
{"level":"error","message":"\nInvalid `prisma.user.delete()` invocation:\n\n\nForeign key constraint violated: `foreign key` - DELETE /users/e5678901-23f0-1234-5678-9abcdef01234","timestamp":"2025-02-05T07:56:28.517Z"}
{"level":"error","message":"\nInvalid `prisma.amenity.create()` invocation:\n\n\nUnique constraint failed on the fields: (`name`) - POST /amenities","timestamp":"2025-02-05T07:56:30.439Z"}
{"level":"error","message":"\nInvalid `prisma.booking.update()` invocation:\n\n\nAn operation failed because it depends on one or more records that were required but not found. Record to update not found. - PUT /bookings/f0123456-78ab-cdef-0123-456789abcdef","timestamp":"2025-02-05T07:56:30.639Z"}
{"level":"error","message":"Booking with id f0123456-78ab-cdef-0123-456789abcdef not found. - DELETE /bookings/f0123456-78ab-cdef-0123-456789abcdef","timestamp":"2025-02-05T07:56:30.746Z"}
{"level":"error","message":"\nInvalid `prisma.booking.create()` invocation:\n\n{\n  data: {\n    userId: \"a1234567-89ab-cdef-0123-456789abcdef\",\n    propertyId: \"j2345678-90f1-2345-6789-abcdef012345\",\n    checkinDate: \"2023-03-10T18:00:00.000Z\",\n    checkoutDate: \"2023-03-15T10:00:00.000Z\",\n    numberOfGuests: 2,\n    totalPrice: 150.25,\n    bookingStatus: \"confirmed\",\n+   user: {\n+     create: UserCreateWithoutBookingsInput | UserUncheckedCreateWithoutBookingsInput,\n+     connectOrCreate: UserCreateOrConnectWithoutBookingsInput,\n+     connect: UserWhereUniqueInput\n+   }\n  }\n}\n\nArgument `user` is missing. - POST /bookings","timestamp":"2025-02-05T07:56:30.962Z"}
{"level":"error","message":"\nInvalid `prisma.user.findUniqueOrThrow()` invocation:\n\n\nAn operation failed because it depends on one or more records that were required but not found. Expected a record, found none. - GET /users/e5678901-23f0-1234-5678-9abcdef01234","timestamp":"2025-02-05T08:02:37.527Z"}
{"level":"error","message":"\nInvalid `prisma.user.delete()` invocation:\n\n\nForeign key constraint violated: `foreign key` - DELETE /users/e5678901-23f0-1234-5678-9abcdef01234","timestamp":"2025-02-05T08:03:30.802Z"}
{"level":"error","message":"\nInvalid `prisma.amenity.create()` invocation:\n\n\nUnique constraint failed on the fields: (`name`) - POST /amenities","timestamp":"2025-02-05T08:03:32.755Z"}
{"level":"error","message":"\nInvalid `prisma.booking.update()` invocation:\n\n\nAn operation failed because it depends on one or more records that were required but not found. Record to update not found. - PUT /bookings/f0123456-78ab-cdef-0123-456789abcdef","timestamp":"2025-02-05T08:03:32.958Z"}
{"level":"error","message":"Booking with id f0123456-78ab-cdef-0123-456789abcdef not found. - DELETE /bookings/f0123456-78ab-cdef-0123-456789abcdef","timestamp":"2025-02-05T08:03:33.064Z"}
{"level":"error","message":"\nInvalid `prisma.booking.create()` invocation:\n\n{\n  data: {\n    userId: \"a1234567-89ab-cdef-0123-456789abcdef\",\n    propertyId: \"j2345678-90f1-2345-6789-abcdef012345\",\n    checkinDate: \"2023-03-10T18:00:00.000Z\",\n    checkoutDate: \"2023-03-15T10:00:00.000Z\",\n    numberOfGuests: 2,\n    totalPrice: 150.25,\n    bookingStatus: \"confirmed\",\n+   user: {\n+     create: UserCreateWithoutBookingsInput | UserUncheckedCreateWithoutBookingsInput,\n+     connectOrCreate: UserCreateOrConnectWithoutBookingsInput,\n+     connect: UserWhereUniqueInput\n+   }\n  }\n}\n\nArgument `user` is missing. - POST /bookings","timestamp":"2025-02-05T08:03:33.281Z"}
{"level":"error","message":"Error creating amenity: Amenity \"Wifi\" already exists - POST /amenities","timestamp":"2025-02-05T08:26:45.173Z"}
{"level":"error","message":"\nInvalid `prisma.user.findUniqueOrThrow()` invocation:\n\n\nAn operation failed because it depends on one or more records that were required but not found. Expected a record, found none. - GET /users/e5678901-23f0-1234-5678-9abcdef01234","timestamp":"2025-02-05T08:30:35.563Z"}
{"level":"error","message":"\nInvalid `prisma.user.update()` invocation:\n\n\nAn operation failed because it depends on one or more records that were required but not found. Record to update not found. - PUT /users/e5678901-23f0-1234-5678-9abcdef01234","timestamp":"2025-02-05T08:30:35.701Z"}
{"level":"error","message":"\nInvalid `prisma.user.create()` invocation:\n\n\nUnique constraint failed on the fields: (`username`) - POST /users","timestamp":"2025-02-05T08:30:36.024Z"}
{"level":"error","message":"Host with id e2345678-90bc-def0-0123-456789abcdef not found. - DELETE /hosts/e2345678-90bc-def0-0123-456789abcdef","timestamp":"2025-02-05T08:30:36.347Z"}
{"level":"error","message":"\nInvalid `prisma.host.create()` invocation:\n\n\nUnique constraint failed on the fields: (`username`) - POST /hosts","timestamp":"2025-02-05T08:30:36.566Z"}
{"level":"error","message":"\nInvalid `prisma.property.update()` invocation:\n\n\nAn operation failed because it depends on one or more records that were required but not found. Record to update not found. - PUT /properties/i1234567-89f0-1234-5678-9abcdef01234","timestamp":"2025-02-05T08:30:36.767Z"}
{"level":"error","message":"\nInvalid `prisma.property.delete()` invocation:\n\n\nAn operation failed because it depends on one or more records that were required but not found. Record to delete does not exist. - DELETE /properties/i1234567-89f0-1234-5678-9abcdef01234","timestamp":"2025-02-05T08:30:36.877Z"}
{"level":"error","message":"\nInvalid `prisma.amenity.delete()` invocation:\n\n\nAn operation failed because it depends on one or more records that were required but not found. Record to delete does not exist. - DELETE /amenities/u3456789-01rs-tuvw-01cd-ef0123456789","timestamp":"2025-02-05T08:30:37.390Z"}
{"level":"error","message":"Error creating amenity: Amenity \"Wifi\" already exists - POST /amenities","timestamp":"2025-02-05T08:30:37.592Z"}
{"level":"error","message":"\nInvalid `prisma.review.update()` invocation:\n\n\nAn operation failed because it depends on one or more records that were required but not found. Record to update not found. - PUT /reviews/j0123456-78f0-1234-5678-9abcdef01234","timestamp":"2025-02-05T08:30:38.386Z"}
{"level":"error","message":"\nInvalid `prisma.review.delete()` invocation:\n\n\nAn operation failed because it depends on one or more records that were required but not found. Record to delete does not exist. - DELETE /reviews/j0123456-78f0-1234-5678-9abcdef01234","timestamp":"2025-02-05T08:30:38.492Z"}
{"level":"error","message":"\nInvalid `prisma.user.create()` invocation:\n\n\nUnique constraint failed on the fields: (`username`) - POST /users","timestamp":"2025-02-05T08:31:35.193Z"}
{"level":"error","message":"\nInvalid `prisma.host.create()` invocation:\n\n\nUnique constraint failed on the fields: (`username`) - POST /hosts","timestamp":"2025-02-05T08:31:35.764Z"}
{"level":"error","message":"Error creating amenity: Amenity \"Wifi\" already exists - POST /amenities","timestamp":"2025-02-05T08:31:36.926Z"}
{"level":"error","message":"\nInvalid `prisma.host.create()` invocation:\n\n\nUnique constraint failed on the fields: (`username`) - POST /hosts","timestamp":"2025-02-05T08:38:48.319Z"}
{"level":"error","message":"Error creating amenity: Amenity \"Wifi\" already exists - POST /amenities","timestamp":"2025-02-05T08:38:49.413Z"}
{"level":"error","message":"\nInvalid `prisma.user.findUniqueOrThrow()` invocation:\n\n\nAn operation failed because it depends on one or more records that were required but not found. Expected a record, found none. - GET /users/e5678901-23f0-1234-5678-9abcdef01234","timestamp":"2025-02-05T08:40:53.642Z"}
{"level":"error","message":"\nInvalid `prisma.user.update()` invocation:\n\n\nAn operation failed because it depends on one or more records that were required but not found. Record to update not found. - PUT /users/e5678901-23f0-1234-5678-9abcdef01234","timestamp":"2025-02-05T08:40:53.771Z"}
{"level":"error","message":"Host with id e2345678-90bc-def0-0123-456789abcdef not found. - DELETE /hosts/e2345678-90bc-def0-0123-456789abcdef","timestamp":"2025-02-05T08:40:54.446Z"}
{"level":"error","message":"\nInvalid `prisma.host.create()` invocation:\n\n\nUnique constraint failed on the fields: (`username`) - POST /hosts","timestamp":"2025-02-05T08:40:54.662Z"}
{"level":"error","message":"\nInvalid `prisma.property.update()` invocation:\n\n\nAn operation failed because it depends on one or more records that were required but not found. Record to update not found. - PUT /properties/i1234567-89f0-1234-5678-9abcdef01234","timestamp":"2025-02-05T08:40:54.876Z"}
{"level":"error","message":"\nInvalid `prisma.property.delete()` invocation:\n\n\nAn operation failed because it depends on one or more records that were required but not found. Record to delete does not exist. - DELETE /properties/i1234567-89f0-1234-5678-9abcdef01234","timestamp":"2025-02-05T08:40:54.986Z"}
{"level":"error","message":"\nInvalid `prisma.amenity.delete()` invocation:\n\n\nAn operation failed because it depends on one or more records that were required but not found. Record to delete does not exist. - DELETE /amenities/u3456789-01rs-tuvw-01cd-ef0123456789","timestamp":"2025-02-05T08:40:55.447Z"}
{"level":"error","message":"Error creating amenity: Amenity \"Wifi\" already exists - POST /amenities","timestamp":"2025-02-05T08:40:55.649Z"}
{"level":"error","message":"\nInvalid `prisma.review.update()` invocation:\n\n\nAn operation failed because it depends on one or more records that were required but not found. Record to update not found. - PUT /reviews/j0123456-78f0-1234-5678-9abcdef01234","timestamp":"2025-02-05T08:40:56.424Z"}
{"level":"error","message":"\nInvalid `prisma.review.delete()` invocation:\n\n\nAn operation failed because it depends on one or more records that were required but not found. Record to delete does not exist. - DELETE /reviews/j0123456-78f0-1234-5678-9abcdef01234","timestamp":"2025-02-05T08:40:56.532Z"}
{"level":"error","message":"Error creating amenity: Amenity \"Wifi\" already exists - POST /amenities","timestamp":"2025-02-05T08:44:55.807Z"}
{"level":"error","message":"Error creating amenity: Amenity \"Wifi\" already exists - POST /amenities","timestamp":"2025-02-05T08:49:11.388Z"}
{"level":"error","message":"Error creating amenity: Amenity \"Wifi\" already exists - POST /amenities","timestamp":"2025-02-05T08:51:56.929Z"}
{"level":"error","message":"\nInvalid `prisma.user.findUniqueOrThrow()` invocation:\n\n\nAn operation failed because it depends on one or more records that were required but not found. Expected a record, found none. - GET /users/e5678901-23f0-1234-5678-9abcdef01234","timestamp":"2025-02-05T08:52:20.884Z"}
{"level":"error","message":"\nInvalid `prisma.user.update()` invocation:\n\n\nAn operation failed because it depends on one or more records that were required but not found. Record to update not found. - PUT /users/e5678901-23f0-1234-5678-9abcdef01234","timestamp":"2025-02-05T08:52:21.007Z"}
{"level":"error","message":"Host with id e2345678-90bc-def0-0123-456789abcdef not found. - DELETE /hosts/e2345678-90bc-def0-0123-456789abcdef","timestamp":"2025-02-05T08:52:21.593Z"}
{"level":"error","message":"\nInvalid `prisma.host.create()` invocation:\n\n\nUnique constraint failed on the fields: (`username`) - POST /hosts","timestamp":"2025-02-05T08:52:21.796Z"}
{"level":"error","message":"\nInvalid `prisma.property.update()` invocation:\n\n\nAn operation failed because it depends on one or more records that were required but not found. Record to update not found. - PUT /properties/i1234567-89f0-1234-5678-9abcdef01234","timestamp":"2025-02-05T08:52:22.009Z"}
{"level":"error","message":"\nInvalid `prisma.property.delete()` invocation:\n\n\nAn operation failed because it depends on one or more records that were required but not found. Record to delete does not exist. - DELETE /properties/i1234567-89f0-1234-5678-9abcdef01234","timestamp":"2025-02-05T08:52:22.119Z"}
{"level":"error","message":"\nInvalid `prisma.amenity.delete()` invocation:\n\n\nAn operation failed because it depends on one or more records that were required but not found. Record to delete does not exist. - DELETE /amenities/u3456789-01rs-tuvw-01cd-ef0123456789","timestamp":"2025-02-05T08:52:22.630Z"}
{"level":"error","message":"Error creating amenity: Amenity \"Wifi\" already exists - POST /amenities","timestamp":"2025-02-05T08:52:22.827Z"}
{"level":"error","message":"\nInvalid `prisma.review.update()` invocation:\n\n\nAn operation failed because it depends on one or more records that were required but not found. Record to update not found. - PUT /reviews/j0123456-78f0-1234-5678-9abcdef01234","timestamp":"2025-02-05T08:52:23.633Z"}
{"level":"error","message":"\nInvalid `prisma.review.delete()` invocation:\n\n\nAn operation failed because it depends on one or more records that were required but not found. Record to delete does not exist. - DELETE /reviews/j0123456-78f0-1234-5678-9abcdef01234","timestamp":"2025-02-05T08:52:23.741Z"}
{"level":"error","message":"\nInvalid `prisma.host.create()` invocation:\n\n\nUnique constraint failed on the fields: (`username`) - POST /hosts","timestamp":"2025-02-05T08:57:07.195Z"}
{"level":"error","message":"Error creating amenity: Amenity \"Wifi\" already exists - POST /amenities","timestamp":"2025-02-05T08:57:08.306Z"}
{"level":"error","message":"Error creating amenity: Amenity \"Wifi\" already exists - POST /amenities","timestamp":"2025-02-05T08:59:31.512Z"}
{"level":"error","message":"\nInvalid `prisma.host.create()` invocation:\n\n\nUnique constraint failed on the fields: (`username`) - POST /hosts","timestamp":"2025-02-05T09:02:21.084Z"}
{"level":"error","message":"\nInvalid `prisma.user.findUniqueOrThrow()` invocation:\n\n\nAn operation failed because it depends on one or more records that were required but not found. Expected a record, found none. - GET /users/e5678901-23f0-1234-5678-9abcdef01234","timestamp":"2025-02-05T09:04:54.727Z"}
{"level":"error","message":"\nInvalid `prisma.user.update()` invocation:\n\n\nAn operation failed because it depends on one or more records that were required but not found. Record to update not found. - PUT /users/e5678901-23f0-1234-5678-9abcdef01234","timestamp":"2025-02-05T09:04:54.842Z"}
{"level":"error","message":"Host with id e2345678-90bc-def0-0123-456789abcdef not found. - DELETE /hosts/e2345678-90bc-def0-0123-456789abcdef","timestamp":"2025-02-05T09:04:55.486Z"}
{"level":"error","message":"\nInvalid `prisma.host.create()` invocation:\n\n\nUnique constraint failed on the fields: (`username`) - POST /hosts","timestamp":"2025-02-05T09:04:55.703Z"}
{"level":"error","message":"\nInvalid `prisma.property.update()` invocation:\n\n\nAn operation failed because it depends on one or more records that were required but not found. Record to update not found. - PUT /properties/i1234567-89f0-1234-5678-9abcdef01234","timestamp":"2025-02-05T09:04:55.872Z"}
{"level":"error","message":"\nInvalid `prisma.property.delete()` invocation:\n\n\nAn operation failed because it depends on one or more records that were required but not found. Record to delete does not exist. - DELETE /properties/i1234567-89f0-1234-5678-9abcdef01234","timestamp":"2025-02-05T09:04:55.982Z"}
{"level":"error","message":"\nInvalid `prisma.amenity.delete()` invocation:\n\n\nAn operation failed because it depends on one or more records that were required but not found. Record to delete does not exist. - DELETE /amenities/u3456789-01rs-tuvw-01cd-ef0123456789","timestamp":"2025-02-05T09:04:56.517Z"}
{"level":"error","message":"\nInvalid `prisma.review.update()` invocation:\n\n\nAn operation failed because it depends on one or more records that were required but not found. Record to update not found. - PUT /reviews/j0123456-78f0-1234-5678-9abcdef01234","timestamp":"2025-02-05T09:04:57.518Z"}
{"level":"error","message":"\nInvalid `prisma.review.delete()` invocation:\n\n\nAn operation failed because it depends on one or more records that were required but not found. Record to delete does not exist. - DELETE /reviews/j0123456-78f0-1234-5678-9abcdef01234","timestamp":"2025-02-05T09:04:57.641Z"}
{"level":"error","message":"\nInvalid `prisma.user.findUniqueOrThrow()` invocation:\n\n\nAn operation failed because it depends on one or more records that were required but not found. Expected a record, found none. - GET /users/e5678901-23f0-1234-5678-9abcdef01234","timestamp":"2025-02-05T09:07:26.811Z"}
{"level":"error","message":"\nInvalid `prisma.user.update()` invocation:\n\n\nAn operation failed because it depends on one or more records that were required but not found. Record to update not found. - PUT /users/e5678901-23f0-1234-5678-9abcdef01234","timestamp":"2025-02-05T09:07:26.958Z"}
{"level":"error","message":"Host with id e2345678-90bc-def0-0123-456789abcdef not found. - DELETE /hosts/e2345678-90bc-def0-0123-456789abcdef","timestamp":"2025-02-05T09:07:27.603Z"}
{"level":"error","message":"\nInvalid `prisma.host.create()` invocation:\n\n\nUnique constraint failed on the fields: (`username`) - POST /hosts","timestamp":"2025-02-05T09:07:27.790Z"}
{"level":"error","message":"\nInvalid `prisma.property.update()` invocation:\n\n\nAn operation failed because it depends on one or more records that were required but not found. Record to update not found. - PUT /properties/i1234567-89f0-1234-5678-9abcdef01234","timestamp":"2025-02-05T09:07:28.003Z"}
{"level":"error","message":"\nInvalid `prisma.property.delete()` invocation:\n\n\nAn operation failed because it depends on one or more records that were required but not found. Record to delete does not exist. - DELETE /properties/i1234567-89f0-1234-5678-9abcdef01234","timestamp":"2025-02-05T09:07:28.113Z"}
{"level":"error","message":"\nInvalid `prisma.amenity.delete()` invocation:\n\n\nAn operation failed because it depends on one or more records that were required but not found. Record to delete does not exist. - DELETE /amenities/u3456789-01rs-tuvw-01cd-ef0123456789","timestamp":"2025-02-05T09:07:28.669Z"}
{"level":"error","message":"\nInvalid `prisma.review.update()` invocation:\n\n\nAn operation failed because it depends on one or more records that were required but not found. Record to update not found. - PUT /reviews/j0123456-78f0-1234-5678-9abcdef01234","timestamp":"2025-02-05T09:07:29.689Z"}
{"level":"error","message":"\nInvalid `prisma.review.delete()` invocation:\n\n\nAn operation failed because it depends on one or more records that were required but not found. Record to delete does not exist. - DELETE /reviews/j0123456-78f0-1234-5678-9abcdef01234","timestamp":"2025-02-05T09:07:29.796Z"}
{"level":"error","message":"\nInvalid `prisma.user.update()` invocation:\n\n\nAn operation failed because it depends on one or more records that were required but not found. Record to update not found. - PUT /users/e5678901-23f0-1234-5678-9abcdef01234","timestamp":"2025-02-05T09:12:38.448Z"}
{"level":"error","message":"Host with id e2345678-90bc-def0-0123-456789abcdef not found. - DELETE /hosts/e2345678-90bc-def0-0123-456789abcdef","timestamp":"2025-02-05T09:12:39.106Z"}
{"level":"error","message":"\nInvalid `prisma.host.create()` invocation:\n\n\nUnique constraint failed on the fields: (`username`) - POST /hosts","timestamp":"2025-02-05T09:12:39.309Z"}
{"level":"error","message":"\nInvalid `prisma.property.update()` invocation:\n\n\nAn operation failed because it depends on one or more records that were required but not found. Record to update not found. - PUT /properties/i1234567-89f0-1234-5678-9abcdef01234","timestamp":"2025-02-05T09:12:39.525Z"}
{"level":"error","message":"\nInvalid `prisma.property.delete()` invocation:\n\n\nAn operation failed because it depends on one or more records that were required but not found. Record to delete does not exist. - DELETE /properties/i1234567-89f0-1234-5678-9abcdef01234","timestamp":"2025-02-05T09:12:39.634Z"}
{"level":"error","message":"\nInvalid `prisma.amenity.delete()` invocation:\n\n\nAn operation failed because it depends on one or more records that were required but not found. Record to delete does not exist. - DELETE /amenities/u3456789-01rs-tuvw-01cd-ef0123456789","timestamp":"2025-02-05T09:12:40.188Z"}
{"level":"error","message":"\nInvalid `prisma.review.update()` invocation:\n\n\nAn operation failed because it depends on one or more records that were required but not found. Record to update not found. - PUT /reviews/j0123456-78f0-1234-5678-9abcdef01234","timestamp":"2025-02-05T09:12:41.179Z"}
{"level":"error","message":"\nInvalid `prisma.review.delete()` invocation:\n\n\nAn operation failed because it depends on one or more records that were required but not found. Record to delete does not exist. - DELETE /reviews/j0123456-78f0-1234-5678-9abcdef01234","timestamp":"2025-02-05T09:12:41.284Z"}
{"level":"error","message":"Host with id e2345678-90bc-def0-0123-456789abcdef not found. - DELETE /hosts/e2345678-90bc-def0-0123-456789abcdef","timestamp":"2025-02-05T09:14:37.478Z"}
{"level":"error","message":"\nInvalid `prisma.host.create()` invocation:\n\n\nUnique constraint failed on the fields: (`username`) - POST /hosts","timestamp":"2025-02-05T09:14:37.679Z"}
{"level":"error","message":"\nInvalid `prisma.property.update()` invocation:\n\n\nAn operation failed because it depends on one or more records that were required but not found. Record to update not found. - PUT /properties/i1234567-89f0-1234-5678-9abcdef01234","timestamp":"2025-02-05T09:14:37.898Z"}
{"level":"error","message":"\nInvalid `prisma.property.delete()` invocation:\n\n\nAn operation failed because it depends on one or more records that were required but not found. Record to delete does not exist. - DELETE /properties/i1234567-89f0-1234-5678-9abcdef01234","timestamp":"2025-02-05T09:14:38.006Z"}
{"level":"error","message":"\nInvalid `prisma.amenity.delete()` invocation:\n\n\nAn operation failed because it depends on one or more records that were required but not found. Record to delete does not exist. - DELETE /amenities/u3456789-01rs-tuvw-01cd-ef0123456789","timestamp":"2025-02-05T09:14:38.497Z"}
{"level":"error","message":"\nInvalid `prisma.review.update()` invocation:\n\n\nAn operation failed because it depends on one or more records that were required but not found. Record to update not found. - PUT /reviews/j0123456-78f0-1234-5678-9abcdef01234","timestamp":"2025-02-05T09:14:39.502Z"}
{"level":"error","message":"\nInvalid `prisma.review.delete()` invocation:\n\n\nAn operation failed because it depends on one or more records that were required but not found. Record to delete does not exist. - DELETE /reviews/j0123456-78f0-1234-5678-9abcdef01234","timestamp":"2025-02-05T09:14:39.611Z"}
{"level":"error","message":"\nInvalid `prisma.host.create()` invocation:\n\n\nUnique constraint failed on the fields: (`username`) - POST /hosts","timestamp":"2025-02-05T12:16:50.330Z"}
{"level":"error","message":"\nInvalid `prisma.host.create()` invocation:\n\n\nUnique constraint failed on the fields: (`username`) - POST /hosts","timestamp":"2025-02-05T12:24:18.963Z"}
